[14-Dec-2024 12:58:27 Europe/Berlin] PHP Warning:  include(db_connection.php): failed to open stream: No such file or directory in C:\xampp\htdocs\infosec\login.php on line 9
[14-Dec-2024 12:58:27 Europe/Berlin] PHP Warning:  include(): Failed opening 'db_connection.php' for inclusion (include_path='C:\xampp\php\PEAR') in C:\xampp\htdocs\infosec\login.php on line 9
[14-Dec-2024 12:58:27 Europe/Berlin] PHP Notice:  Undefined variable: pdo in C:\xampp\htdocs\infosec\login.php on line 11
[14-Dec-2024 12:58:28 Europe/Berlin] PHP Warning:  include(db_connection.php): failed to open stream: No such file or directory in C:\xampp\htdocs\infosec\login.php on line 9
[14-Dec-2024 12:58:28 Europe/Berlin] PHP Warning:  include(): Failed opening 'db_connection.php' for inclusion (include_path='C:\xampp\php\PEAR') in C:\xampp\htdocs\infosec\login.php on line 9
[14-Dec-2024 12:58:28 Europe/Berlin] PHP Notice:  Undefined variable: pdo in C:\xampp\htdocs\infosec\login.php on line 11
[14-Dec-2024 12:58:29 Europe/Berlin] PHP Warning:  include(db_connection.php): failed to open stream: No such file or directory in C:\xampp\htdocs\infosec\login.php on line 9
[14-Dec-2024 12:58:29 Europe/Berlin] PHP Warning:  include(): Failed opening 'db_connection.php' for inclusion (include_path='C:\xampp\php\PEAR') in C:\xampp\htdocs\infosec\login.php on line 9
[14-Dec-2024 12:58:29 Europe/Berlin] PHP Notice:  Undefined variable: pdo in C:\xampp\htdocs\infosec\login.php on line 11
[14-Dec-2024 12:58:29 Europe/Berlin] PHP Warning:  include(db_connection.php): failed to open stream: No such file or directory in C:\xampp\htdocs\infosec\login.php on line 9
[14-Dec-2024 12:58:29 Europe/Berlin] PHP Warning:  include(): Failed opening 'db_connection.php' for inclusion (include_path='C:\xampp\php\PEAR') in C:\xampp\htdocs\infosec\login.php on line 9
[14-Dec-2024 12:58:29 Europe/Berlin] PHP Notice:  Undefined variable: pdo in C:\xampp\htdocs\infosec\login.php on line 11
[14-Dec-2024 12:58:29 Europe/Berlin] PHP Warning:  include(db_connection.php): failed to open stream: No such file or directory in C:\xampp\htdocs\infosec\login.php on line 9
[14-Dec-2024 12:58:29 Europe/Berlin] PHP Warning:  include(): Failed opening 'db_connection.php' for inclusion (include_path='C:\xampp\php\PEAR') in C:\xampp\htdocs\infosec\login.php on line 9
[14-Dec-2024 12:58:29 Europe/Berlin] PHP Notice:  Undefined variable: pdo in C:\xampp\htdocs\infosec\login.php on line 11
[14-Dec-2024 12:58:29 Europe/Berlin] PHP Warning:  include(db_connection.php): failed to open stream: No such file or directory in C:\xampp\htdocs\infosec\login.php on line 9
[14-Dec-2024 12:58:29 Europe/Berlin] PHP Warning:  include(): Failed opening 'db_connection.php' for inclusion (include_path='C:\xampp\php\PEAR') in C:\xampp\htdocs\infosec\login.php on line 9
[14-Dec-2024 12:58:29 Europe/Berlin] PHP Notice:  Undefined variable: pdo in C:\xampp\htdocs\infosec\login.php on line 11
[15-Dec-2024 07:05:05 Europe/Berlin] PHP Warning:  Undefined array key "student-no" in C:\xampp\htdocs\infosec\data_processing.php on line 16
[15-Dec-2024 07:05:05 Europe/Berlin] PHP Warning:  Undefined array key "fullname" in C:\xampp\htdocs\infosec\data_processing.php on line 17
[15-Dec-2024 07:05:05 Europe/Berlin] PHP Warning:  Undefined array key "subcompscores1" in C:\xampp\htdocs\infosec\data_processing.php on line 30
[15-Dec-2024 07:05:05 Europe/Berlin] PHP Warning:  Undefined array key "subcompscores2" in C:\xampp\htdocs\infosec\data_processing.php on line 30
[15-Dec-2024 07:05:05 Europe/Berlin] PHP Warning:  Undefined array key "subcompscores3" in C:\xampp\htdocs\infosec\data_processing.php on line 30
[15-Dec-2024 07:05:05 Europe/Berlin] PHP Warning:  Undefined array key "subcompscores4" in C:\xampp\htdocs\infosec\data_processing.php on line 30
[15-Dec-2024 07:05:05 Europe/Berlin] PHP Warning:  Undefined array key "subcompscores5" in C:\xampp\htdocs\infosec\data_processing.php on line 30
[15-Dec-2024 07:05:05 Europe/Berlin] PHP Warning:  Undefined array key "subcompscores6" in C:\xampp\htdocs\infosec\data_processing.php on line 30
[15-Dec-2024 07:05:05 Europe/Berlin] PHP Warning:  Undefined array key "subcompscores7" in C:\xampp\htdocs\infosec\data_processing.php on line 30
[15-Dec-2024 07:05:05 Europe/Berlin] PHP Warning:  Undefined array key "subcompscores8" in C:\xampp\htdocs\infosec\data_processing.php on line 30
[15-Dec-2024 07:05:05 Europe/Berlin] PHP Warning:  Undefined array key "subcompscores9" in C:\xampp\htdocs\infosec\data_processing.php on line 30
[15-Dec-2024 07:05:05 Europe/Berlin] PHP Warning:  Undefined array key "subcompscores10" in C:\xampp\htdocs\infosec\data_processing.php on line 30
[15-Dec-2024 07:05:05 Europe/Berlin] PHP Warning:  Undefined array key "subcompscores11" in C:\xampp\htdocs\infosec\data_processing.php on line 30
[15-Dec-2024 07:05:05 Europe/Berlin] PHP Warning:  Undefined array key "grades" in C:\xampp\htdocs\infosec\data_processing.php on line 34
[15-Dec-2024 07:05:05 Europe/Berlin] PHP Warning:  foreach() argument must be of type array|object, null given in C:\xampp\htdocs\infosec\data_processing.php on line 117
[15-Dec-2024 07:05:05 Europe/Berlin] PHP Warning:  Undefined variable $conn in C:\xampp\htdocs\infosec\data_processing.php on line 177
[15-Dec-2024 07:05:05 Europe/Berlin] PHP Fatal error:  Uncaught Error: Call to a member function close() on null in C:\xampp\htdocs\infosec\data_processing.php:177
Stack trace:
#0 {main}
  thrown in C:\xampp\htdocs\infosec\data_processing.php on line 177
[15-Dec-2024 07:59:31 Europe/Berlin] PHP Warning:  Undefined array key "student-no" in C:\xampp\htdocs\infosec\data_processing.php on line 16
[15-Dec-2024 07:59:31 Europe/Berlin] PHP Warning:  Undefined array key "fullname" in C:\xampp\htdocs\infosec\data_processing.php on line 17
[15-Dec-2024 07:59:31 Europe/Berlin] PHP Warning:  Undefined array key "subcompscores1" in C:\xampp\htdocs\infosec\data_processing.php on line 30
[15-Dec-2024 07:59:31 Europe/Berlin] PHP Warning:  Undefined array key "subcompscores2" in C:\xampp\htdocs\infosec\data_processing.php on line 30
[15-Dec-2024 07:59:31 Europe/Berlin] PHP Warning:  Undefined array key "subcompscores3" in C:\xampp\htdocs\infosec\data_processing.php on line 30
[15-Dec-2024 07:59:31 Europe/Berlin] PHP Warning:  Undefined array key "subcompscores4" in C:\xampp\htdocs\infosec\data_processing.php on line 30
[15-Dec-2024 07:59:31 Europe/Berlin] PHP Warning:  Undefined array key "subcompscores5" in C:\xampp\htdocs\infosec\data_processing.php on line 30
[15-Dec-2024 07:59:31 Europe/Berlin] PHP Warning:  Undefined array key "subcompscores6" in C:\xampp\htdocs\infosec\data_processing.php on line 30
[15-Dec-2024 07:59:31 Europe/Berlin] PHP Warning:  Undefined array key "subcompscores7" in C:\xampp\htdocs\infosec\data_processing.php on line 30
[15-Dec-2024 07:59:31 Europe/Berlin] PHP Warning:  Undefined array key "subcompscores8" in C:\xampp\htdocs\infosec\data_processing.php on line 30
[15-Dec-2024 07:59:31 Europe/Berlin] PHP Warning:  Undefined array key "subcompscores9" in C:\xampp\htdocs\infosec\data_processing.php on line 30
[15-Dec-2024 07:59:31 Europe/Berlin] PHP Warning:  Undefined array key "subcompscores10" in C:\xampp\htdocs\infosec\data_processing.php on line 30
[15-Dec-2024 07:59:31 Europe/Berlin] PHP Warning:  Undefined array key "subcompscores11" in C:\xampp\htdocs\infosec\data_processing.php on line 30
[15-Dec-2024 07:59:31 Europe/Berlin] PHP Warning:  Undefined array key "grades" in C:\xampp\htdocs\infosec\data_processing.php on line 34
[15-Dec-2024 07:59:31 Europe/Berlin] PHP Warning:  foreach() argument must be of type array|object, null given in C:\xampp\htdocs\infosec\data_processing.php on line 117
[15-Dec-2024 07:59:31 Europe/Berlin] PHP Warning:  Undefined variable $conn in C:\xampp\htdocs\infosec\data_processing.php on line 177
[15-Dec-2024 07:59:31 Europe/Berlin] PHP Fatal error:  Uncaught Error: Call to a member function close() on null in C:\xampp\htdocs\infosec\data_processing.php:177
Stack trace:
#0 {main}
  thrown in C:\xampp\htdocs\infosec\data_processing.php on line 177
[15-Dec-2024 15:09:39 Europe/Berlin] PHP Warning:  Undefined variable $grade in C:\xampp\htdocs\infosec\index1.php on line 217
[15-Dec-2024 15:09:39 Europe/Berlin] PHP Warning:  Undefined variable $grade in C:\xampp\htdocs\infosec\index1.php on line 231
[15-Dec-2024 15:13:35 Europe/Berlin] PHP Warning:  Undefined variable $student_nums in C:\xampp\htdocs\infosec\index1.php on line 197
[15-Dec-2024 15:13:35 Europe/Berlin] PHP Warning:  Undefined variable $gradingsystem_id in C:\xampp\htdocs\infosec\index1.php on line 197
[15-Dec-2024 15:13:35 Europe/Berlin] PHP Fatal error:  Uncaught Error: Call to a member function prepare() on string in C:\xampp\htdocs\infosec\data_processing.php:51
Stack trace:
#0 C:\xampp\htdocs\infosec\index1.php(197): calculateGrades(NULL, 'gradeit', NULL)
#1 {main}
  thrown in C:\xampp\htdocs\infosec\data_processing.php on line 51
[15-Dec-2024 15:13:46 Europe/Berlin] PHP Warning:  Undefined variable $student_nums in C:\xampp\htdocs\infosec\index1.php on line 197
[15-Dec-2024 15:13:46 Europe/Berlin] PHP Warning:  Undefined variable $gradingsystem_id in C:\xampp\htdocs\infosec\index1.php on line 197
[15-Dec-2024 15:13:46 Europe/Berlin] PHP Fatal error:  Uncaught Error: Call to a member function prepare() on string in C:\xampp\htdocs\infosec\data_processing.php:51
Stack trace:
#0 C:\xampp\htdocs\infosec\index1.php(197): calculateGrades(NULL, 'gradeit', NULL)
#1 {main}
  thrown in C:\xampp\htdocs\infosec\data_processing.php on line 51
[15-Dec-2024 15:13:47 Europe/Berlin] PHP Warning:  Undefined variable $student_nums in C:\xampp\htdocs\infosec\index1.php on line 197
[15-Dec-2024 15:13:47 Europe/Berlin] PHP Warning:  Undefined variable $gradingsystem_id in C:\xampp\htdocs\infosec\index1.php on line 197
[15-Dec-2024 15:13:47 Europe/Berlin] PHP Fatal error:  Uncaught Error: Call to a member function prepare() on string in C:\xampp\htdocs\infosec\data_processing.php:51
Stack trace:
#0 C:\xampp\htdocs\infosec\index1.php(197): calculateGrades(NULL, 'gradeit', NULL)
#1 {main}
  thrown in C:\xampp\htdocs\infosec\data_processing.php on line 51
[15-Dec-2024 15:13:47 Europe/Berlin] PHP Warning:  Undefined variable $student_nums in C:\xampp\htdocs\infosec\index1.php on line 197
[15-Dec-2024 15:13:47 Europe/Berlin] PHP Warning:  Undefined variable $gradingsystem_id in C:\xampp\htdocs\infosec\index1.php on line 197
[15-Dec-2024 15:13:47 Europe/Berlin] PHP Fatal error:  Uncaught Error: Call to a member function prepare() on string in C:\xampp\htdocs\infosec\data_processing.php:51
Stack trace:
#0 C:\xampp\htdocs\infosec\index1.php(197): calculateGrades(NULL, 'gradeit', NULL)
#1 {main}
  thrown in C:\xampp\htdocs\infosec\data_processing.php on line 51
[15-Dec-2024 15:17:45 Europe/Berlin] PHP Warning:  Undefined variable $grade in C:\xampp\htdocs\infosec\index1.php on line 217
[15-Dec-2024 15:17:45 Europe/Berlin] PHP Warning:  Undefined variable $grade in C:\xampp\htdocs\infosec\index1.php on line 231
[15-Dec-2024 15:33:50 Europe/Berlin] PHP Warning:  Undefined variable $student_nums in C:\xampp\htdocs\infosec\index1.php on line 28
[15-Dec-2024 15:33:50 Europe/Berlin] PHP Warning:  Undefined variable $gradingsystem_id in C:\xampp\htdocs\infosec\index1.php on line 28
[15-Dec-2024 15:33:50 Europe/Berlin] PHP Fatal error:  Uncaught Error: Call to a member function prepare() on string in C:\xampp\htdocs\infosec\data_processing.php:25
Stack trace:
#0 C:\xampp\htdocs\infosec\index1.php(28): calculateGrades(NULL, 'gradeit', NULL)
#1 {main}
  thrown in C:\xampp\htdocs\infosec\data_processing.php on line 25
[15-Dec-2024 15:35:58 Europe/Berlin] PHP Warning:  Undefined variable $student_nums in C:\xampp\htdocs\infosec\index1.php on line 28
[15-Dec-2024 15:35:58 Europe/Berlin] PHP Warning:  Undefined variable $gradingsystem_id in C:\xampp\htdocs\infosec\index1.php on line 28
[15-Dec-2024 15:35:58 Europe/Berlin] PHP Fatal error:  Uncaught Error: Call to a member function prepare() on string in C:\xampp\htdocs\infosec\data_processing.php:25
Stack trace:
#0 C:\xampp\htdocs\infosec\index1.php(28): calculateGrades(NULL, 'gradeit', NULL)
#1 {main}
  thrown in C:\xampp\htdocs\infosec\data_processing.php on line 25
[15-Dec-2024 15:35:59 Europe/Berlin] PHP Warning:  Undefined variable $student_nums in C:\xampp\htdocs\infosec\index1.php on line 28
[15-Dec-2024 15:35:59 Europe/Berlin] PHP Warning:  Undefined variable $gradingsystem_id in C:\xampp\htdocs\infosec\index1.php on line 28
[15-Dec-2024 15:35:59 Europe/Berlin] PHP Fatal error:  Uncaught Error: Call to a member function prepare() on string in C:\xampp\htdocs\infosec\data_processing.php:25
Stack trace:
#0 C:\xampp\htdocs\infosec\index1.php(28): calculateGrades(NULL, 'gradeit', NULL)
#1 {main}
  thrown in C:\xampp\htdocs\infosec\data_processing.php on line 25
[15-Dec-2024 15:35:59 Europe/Berlin] PHP Warning:  Undefined variable $student_nums in C:\xampp\htdocs\infosec\index1.php on line 28
[15-Dec-2024 15:35:59 Europe/Berlin] PHP Warning:  Undefined variable $gradingsystem_id in C:\xampp\htdocs\infosec\index1.php on line 28
[15-Dec-2024 15:35:59 Europe/Berlin] PHP Fatal error:  Uncaught Error: Call to a member function prepare() on string in C:\xampp\htdocs\infosec\data_processing.php:25
Stack trace:
#0 C:\xampp\htdocs\infosec\index1.php(28): calculateGrades(NULL, 'gradeit', NULL)
#1 {main}
  thrown in C:\xampp\htdocs\infosec\data_processing.php on line 25
[15-Dec-2024 15:35:59 Europe/Berlin] PHP Warning:  Undefined variable $student_nums in C:\xampp\htdocs\infosec\index1.php on line 28
[15-Dec-2024 15:35:59 Europe/Berlin] PHP Warning:  Undefined variable $gradingsystem_id in C:\xampp\htdocs\infosec\index1.php on line 28
[15-Dec-2024 15:35:59 Europe/Berlin] PHP Fatal error:  Uncaught Error: Call to a member function prepare() on string in C:\xampp\htdocs\infosec\data_processing.php:25
Stack trace:
#0 C:\xampp\htdocs\infosec\index1.php(28): calculateGrades(NULL, 'gradeit', NULL)
#1 {main}
  thrown in C:\xampp\htdocs\infosec\data_processing.php on line 25
[15-Dec-2024 15:36:00 Europe/Berlin] PHP Warning:  Undefined variable $student_nums in C:\xampp\htdocs\infosec\index1.php on line 28
[15-Dec-2024 15:36:00 Europe/Berlin] PHP Warning:  Undefined variable $gradingsystem_id in C:\xampp\htdocs\infosec\index1.php on line 28
[15-Dec-2024 15:36:00 Europe/Berlin] PHP Fatal error:  Uncaught Error: Call to a member function prepare() on string in C:\xampp\htdocs\infosec\data_processing.php:25
Stack trace:
#0 C:\xampp\htdocs\infosec\index1.php(28): calculateGrades(NULL, 'gradeit', NULL)
#1 {main}
  thrown in C:\xampp\htdocs\infosec\data_processing.php on line 25
[15-Dec-2024 15:38:08 Europe/Berlin] PHP Warning:  Undefined variable $student_nums in C:\xampp\htdocs\infosec\index1.php on line 28
[15-Dec-2024 15:38:08 Europe/Berlin] PHP Warning:  Undefined variable $gradingsystem_id in C:\xampp\htdocs\infosec\index1.php on line 28
[15-Dec-2024 15:38:08 Europe/Berlin] PHP Fatal error:  Uncaught Error: Call to a member function prepare() on string in C:\xampp\htdocs\infosec\data_processing.php:25
Stack trace:
#0 C:\xampp\htdocs\infosec\index1.php(28): calculateGrades(NULL, 'gradeit', NULL)
#1 {main}
  thrown in C:\xampp\htdocs\infosec\data_processing.php on line 25
[15-Dec-2024 15:43:09 Europe/Berlin] PHP Warning:  Undefined array key "student_nums" in C:\xampp\htdocs\infosec\index1.php on line 28
[15-Dec-2024 15:43:09 Europe/Berlin] PHP Warning:  Undefined array key "gradingsystem_id" in C:\xampp\htdocs\infosec\index1.php on line 29
[15-Dec-2024 15:43:09 Europe/Berlin] PHP Fatal error:  Uncaught Error: Call to a member function prepare() on string in C:\xampp\htdocs\infosec\data_processing.php:25
Stack trace:
#0 C:\xampp\htdocs\infosec\index1.php(31): calculateGrades(NULL, 'gradeit', NULL)
#1 {main}
  thrown in C:\xampp\htdocs\infosec\data_processing.php on line 25
[15-Dec-2024 15:43:17 Europe/Berlin] PHP Fatal error:  Uncaught PDOException: SQLSTATE[42S22]: Column not found: 1054 Unknown column 'gradingsystem_id' in 'field list' in C:\xampp\htdocs\infosec\index1.php:30
Stack trace:
#0 C:\xampp\htdocs\infosec\index1.php(30): PDOStatement->execute()
#1 {main}
  thrown in C:\xampp\htdocs\infosec\index1.php on line 30
[15-Dec-2024 15:45:42 Europe/Berlin] PHP Fatal error:  Uncaught PDOException: SQLSTATE[42S22]: Column not found: 1054 Unknown column 'gradingsystem_id' in 'field list' in C:\xampp\htdocs\infosec\index1.php:30
Stack trace:
#0 C:\xampp\htdocs\infosec\index1.php(30): PDOStatement->execute()
#1 {main}
  thrown in C:\xampp\htdocs\infosec\index1.php on line 30
[15-Dec-2024 15:45:42 Europe/Berlin] PHP Fatal error:  Uncaught PDOException: SQLSTATE[42S22]: Column not found: 1054 Unknown column 'gradingsystem_id' in 'field list' in C:\xampp\htdocs\infosec\index1.php:30
Stack trace:
#0 C:\xampp\htdocs\infosec\index1.php(30): PDOStatement->execute()
#1 {main}
  thrown in C:\xampp\htdocs\infosec\index1.php on line 30
[15-Dec-2024 15:45:43 Europe/Berlin] PHP Fatal error:  Uncaught PDOException: SQLSTATE[42S22]: Column not found: 1054 Unknown column 'gradingsystem_id' in 'field list' in C:\xampp\htdocs\infosec\index1.php:30
Stack trace:
#0 C:\xampp\htdocs\infosec\index1.php(30): PDOStatement->execute()
#1 {main}
  thrown in C:\xampp\htdocs\infosec\index1.php on line 30
[15-Dec-2024 15:45:43 Europe/Berlin] PHP Fatal error:  Uncaught PDOException: SQLSTATE[42S22]: Column not found: 1054 Unknown column 'gradingsystem_id' in 'field list' in C:\xampp\htdocs\infosec\index1.php:30
Stack trace:
#0 C:\xampp\htdocs\infosec\index1.php(30): PDOStatement->execute()
#1 {main}
  thrown in C:\xampp\htdocs\infosec\index1.php on line 30
[15-Dec-2024 15:45:43 Europe/Berlin] PHP Fatal error:  Uncaught PDOException: SQLSTATE[42S22]: Column not found: 1054 Unknown column 'gradingsystem_id' in 'field list' in C:\xampp\htdocs\infosec\index1.php:30
Stack trace:
#0 C:\xampp\htdocs\infosec\index1.php(30): PDOStatement->execute()
#1 {main}
  thrown in C:\xampp\htdocs\infosec\index1.php on line 30
[15-Dec-2024 15:45:44 Europe/Berlin] PHP Fatal error:  Uncaught PDOException: SQLSTATE[42S22]: Column not found: 1054 Unknown column 'gradingsystem_id' in 'field list' in C:\xampp\htdocs\infosec\index1.php:30
Stack trace:
#0 C:\xampp\htdocs\infosec\index1.php(30): PDOStatement->execute()
#1 {main}
  thrown in C:\xampp\htdocs\infosec\index1.php on line 30
[15-Dec-2024 15:45:44 Europe/Berlin] PHP Fatal error:  Uncaught PDOException: SQLSTATE[42S22]: Column not found: 1054 Unknown column 'gradingsystem_id' in 'field list' in C:\xampp\htdocs\infosec\index1.php:30
Stack trace:
#0 C:\xampp\htdocs\infosec\index1.php(30): PDOStatement->execute()
#1 {main}
  thrown in C:\xampp\htdocs\infosec\index1.php on line 30
[15-Dec-2024 15:45:45 Europe/Berlin] PHP Fatal error:  Uncaught PDOException: SQLSTATE[42S22]: Column not found: 1054 Unknown column 'gradingsystem_id' in 'field list' in C:\xampp\htdocs\infosec\index1.php:30
Stack trace:
#0 C:\xampp\htdocs\infosec\index1.php(30): PDOStatement->execute()
#1 {main}
  thrown in C:\xampp\htdocs\infosec\index1.php on line 30
[15-Dec-2024 15:45:46 Europe/Berlin] PHP Fatal error:  Uncaught PDOException: SQLSTATE[42S22]: Column not found: 1054 Unknown column 'gradingsystem_id' in 'field list' in C:\xampp\htdocs\infosec\index1.php:30
Stack trace:
#0 C:\xampp\htdocs\infosec\index1.php(30): PDOStatement->execute()
#1 {main}
  thrown in C:\xampp\htdocs\infosec\index1.php on line 30
[15-Dec-2024 15:45:46 Europe/Berlin] PHP Fatal error:  Uncaught PDOException: SQLSTATE[42S22]: Column not found: 1054 Unknown column 'gradingsystem_id' in 'field list' in C:\xampp\htdocs\infosec\index1.php:30
Stack trace:
#0 C:\xampp\htdocs\infosec\index1.php(30): PDOStatement->execute()
#1 {main}
  thrown in C:\xampp\htdocs\infosec\index1.php on line 30
[15-Dec-2024 15:45:46 Europe/Berlin] PHP Fatal error:  Uncaught PDOException: SQLSTATE[42S22]: Column not found: 1054 Unknown column 'gradingsystem_id' in 'field list' in C:\xampp\htdocs\infosec\index1.php:30
Stack trace:
#0 C:\xampp\htdocs\infosec\index1.php(30): PDOStatement->execute()
#1 {main}
  thrown in C:\xampp\htdocs\infosec\index1.php on line 30
[15-Dec-2024 15:45:47 Europe/Berlin] PHP Fatal error:  Uncaught PDOException: SQLSTATE[42S22]: Column not found: 1054 Unknown column 'gradingsystem_id' in 'field list' in C:\xampp\htdocs\infosec\index1.php:30
Stack trace:
#0 C:\xampp\htdocs\infosec\index1.php(30): PDOStatement->execute()
#1 {main}
  thrown in C:\xampp\htdocs\infosec\index1.php on line 30
[15-Dec-2024 15:45:47 Europe/Berlin] PHP Fatal error:  Uncaught PDOException: SQLSTATE[42S22]: Column not found: 1054 Unknown column 'gradingsystem_id' in 'field list' in C:\xampp\htdocs\infosec\index1.php:30
Stack trace:
#0 C:\xampp\htdocs\infosec\index1.php(30): PDOStatement->execute()
#1 {main}
  thrown in C:\xampp\htdocs\infosec\index1.php on line 30
[15-Dec-2024 15:45:47 Europe/Berlin] PHP Fatal error:  Uncaught PDOException: SQLSTATE[42S22]: Column not found: 1054 Unknown column 'gradingsystem_id' in 'field list' in C:\xampp\htdocs\infosec\index1.php:30
Stack trace:
#0 C:\xampp\htdocs\infosec\index1.php(30): PDOStatement->execute()
#1 {main}
  thrown in C:\xampp\htdocs\infosec\index1.php on line 30
[15-Dec-2024 15:45:47 Europe/Berlin] PHP Fatal error:  Uncaught PDOException: SQLSTATE[42S22]: Column not found: 1054 Unknown column 'gradingsystem_id' in 'field list' in C:\xampp\htdocs\infosec\index1.php:30
Stack trace:
#0 C:\xampp\htdocs\infosec\index1.php(30): PDOStatement->execute()
#1 {main}
  thrown in C:\xampp\htdocs\infosec\index1.php on line 30
[15-Dec-2024 15:45:48 Europe/Berlin] PHP Fatal error:  Uncaught PDOException: SQLSTATE[42S22]: Column not found: 1054 Unknown column 'gradingsystem_id' in 'field list' in C:\xampp\htdocs\infosec\index1.php:30
Stack trace:
#0 C:\xampp\htdocs\infosec\index1.php(30): PDOStatement->execute()
#1 {main}
  thrown in C:\xampp\htdocs\infosec\index1.php on line 30
[15-Dec-2024 15:45:48 Europe/Berlin] PHP Fatal error:  Uncaught PDOException: SQLSTATE[42S22]: Column not found: 1054 Unknown column 'gradingsystem_id' in 'field list' in C:\xampp\htdocs\infosec\index1.php:30
Stack trace:
#0 C:\xampp\htdocs\infosec\index1.php(30): PDOStatement->execute()
#1 {main}
  thrown in C:\xampp\htdocs\infosec\index1.php on line 30
[15-Dec-2024 15:48:29 Europe/Berlin] PHP Fatal error:  Uncaught PDOException: SQLSTATE[42S22]: Column not found: 1054 Unknown column 'gradingsystem_id' in 'field list' in C:\xampp\htdocs\infosec\index1.php:30
Stack trace:
#0 C:\xampp\htdocs\infosec\index1.php(30): PDOStatement->execute()
#1 {main}
  thrown in C:\xampp\htdocs\infosec\index1.php on line 30
[15-Dec-2024 15:48:30 Europe/Berlin] PHP Fatal error:  Uncaught PDOException: SQLSTATE[42S22]: Column not found: 1054 Unknown column 'gradingsystem_id' in 'field list' in C:\xampp\htdocs\infosec\index1.php:30
Stack trace:
#0 C:\xampp\htdocs\infosec\index1.php(30): PDOStatement->execute()
#1 {main}
  thrown in C:\xampp\htdocs\infosec\index1.php on line 30
[15-Dec-2024 15:48:31 Europe/Berlin] PHP Fatal error:  Uncaught PDOException: SQLSTATE[42S22]: Column not found: 1054 Unknown column 'gradingsystem_id' in 'field list' in C:\xampp\htdocs\infosec\index1.php:30
Stack trace:
#0 C:\xampp\htdocs\infosec\index1.php(30): PDOStatement->execute()
#1 {main}
  thrown in C:\xampp\htdocs\infosec\index1.php on line 30
[15-Dec-2024 15:48:31 Europe/Berlin] PHP Fatal error:  Uncaught PDOException: SQLSTATE[42S22]: Column not found: 1054 Unknown column 'gradingsystem_id' in 'field list' in C:\xampp\htdocs\infosec\index1.php:30
Stack trace:
#0 C:\xampp\htdocs\infosec\index1.php(30): PDOStatement->execute()
#1 {main}
  thrown in C:\xampp\htdocs\infosec\index1.php on line 30
[15-Dec-2024 15:48:31 Europe/Berlin] PHP Fatal error:  Uncaught PDOException: SQLSTATE[42S22]: Column not found: 1054 Unknown column 'gradingsystem_id' in 'field list' in C:\xampp\htdocs\infosec\index1.php:30
Stack trace:
#0 C:\xampp\htdocs\infosec\index1.php(30): PDOStatement->execute()
#1 {main}
  thrown in C:\xampp\htdocs\infosec\index1.php on line 30
